{"level":"info","message":"Incoming request: PUT /api/v1/appointments/set-off-day/all-services/items/update/option/:id/","service":"default-service-name","timestamp":"2025-08-25 07:57:03"}
{"level":"info","message":"Incoming request: POST /api/v1/appointments/set-off-day/all-services/items/update/option/:id/","service":"default-service-name","timestamp":"2025-08-25 07:57:08"}
{"level":"info","message":"Incoming request: POST /api/v1/appointments/set-off-day/all-services/items/update/option/:id/","service":"default-service-name","timestamp":"2025-08-25 07:57:18"}
{"level":"info","message":"Incoming request: GET /favicon.ico","service":"default-service-name","timestamp":"2025-08-25 07:57:38"}
{"level":"info","message":"Incoming request: POST /api/v1/appointments/set-off-day","service":"default-service-name","timestamp":"2025-08-25 08:00:27"}
{"level":"info","message":"Incoming request: POST /api/v1/appointments/set-off-day","service":"default-service-name","timestamp":"2025-08-25 08:00:42"}
{"level":"info","message":"Incoming request: POST /api/v1/appointments/set-off-day","service":"default-service-name","timestamp":"2025-08-25 08:00:44"}
{"level":"info","message":"Incoming request: GET /favicon.ico","service":"default-service-name","timestamp":"2025-08-25 21:28:33"}
{"level":"info","message":"Incoming request: POST /api/v1/appointments/set-off-day","service":"default-service-name","timestamp":"2025-08-25 21:28:50"}
{"level":"info","message":"Incoming request: POST /api/v1/appointments/set-off-day","service":"default-service-name","timestamp":"2025-08-25 22:07:25"}
{"level":"info","message":"Incoming request: POST /api/v1/appointments/set-off-day","service":"default-service-name","timestamp":"2025-08-25 22:12:43"}
{"level":"info","message":"Incoming request: POST /api/v1/appointments/set-off-day","service":"default-service-name","timestamp":"2025-08-25 22:12:50"}
{"level":"info","message":"Incoming request: POST /api/v1/appointments//create-time-slots","service":"default-service-name","timestamp":"2025-08-25 22:16:55"}
{"level":"info","message":"Incoming request: POST /api/v1/appointments//create-time-slots","service":"default-service-name","timestamp":"2025-08-25 22:19:02"}
{"level":"info","message":"Incoming request: GET /api/v1/appointments/available-dates","service":"default-service-name","timestamp":"2025-08-26 00:32:18"}
{"level":"info","message":"Incoming request: POST /api/v1/appointments/available-time-slots","service":"default-service-name","timestamp":"2025-08-26 00:33:33"}
{"level":"info","message":"Incoming request: POST /api/v1/appointments/available-time-slots/2025-09-01","service":"default-service-name","timestamp":"2025-08-26 00:33:55"}
{"level":"info","message":"Incoming request: GET /api/v1/appointments/available-time-slots/2025-09-01","service":"default-service-name","timestamp":"2025-08-26 00:34:01"}
{"level":"info","message":"Incoming request: GET /api/v1/appointments/available-time-slots/2025-08-28","service":"default-service-name","timestamp":"2025-08-26 00:34:30"}
{"level":"info","message":"Incoming request: GET /api/v1/appointments/http:holiday","service":"default-service-name","timestamp":"2025-08-26 00:51:47"}
{"level":"info","message":"Incoming request: POST /api/v1/appointments/http:holiday","service":"default-service-name","timestamp":"2025-08-26 00:51:53"}
{"level":"info","message":"Incoming request: POST /api/v1/appointments/holiday","service":"default-service-name","timestamp":"2025-08-26 00:52:07"}
{"level":"info","message":"Incoming request: POST /api/v1/appointments/holiday","service":"default-service-name","timestamp":"2025-08-26 00:52:48"}
{"level":"info","message":"Incoming request: POST /api/v1/appointments/holiday","service":"default-service-name","timestamp":"2025-08-26 00:52:50"}
{"level":"info","message":"Incoming request: POST /api/v1/appointments/holiday","service":"default-service-name","timestamp":"2025-08-26 00:53:06"}
{"level":"info","message":"Incoming request: GET /api/v1/appointments/available-time-slots/2025-08-27","service":"default-service-name","timestamp":"2025-08-26 00:53:27"}
{"level":"info","message":"Incoming request: GET /api/v1/appointments/available-time-slots/2025-08-27","service":"default-service-name","timestamp":"2025-08-26 00:53:30"}
{"level":"info","message":"Incoming request: GET /api/v1/appointments/holidays","service":"default-service-name","timestamp":"2025-08-26 00:54:19"}
{"level":"info","message":"Incoming request: GET /api/v1/appointments/time-slots","service":"default-service-name","timestamp":"2025-08-26 00:56:42"}
{"level":"info","message":"Incoming request: POST /api/v1/appointments/time-slots","service":"default-service-name","timestamp":"2025-08-26 00:56:50"}
{"level":"info","message":"Incoming request: POST /api/v1/appointments/time-slots","service":"default-service-name","timestamp":"2025-08-26 00:56:59"}
{"level":"info","message":"Incoming request: POST /api/v1/appointments/time-slots","service":"default-service-name","timestamp":"2025-08-26 07:47:08"}
{"level":"info","message":"Incoming request: GET /api/v1/appointments/available-time-slots/2025-08-03","service":"default-service-name","timestamp":"2025-08-26 07:47:11"}
{"level":"info","message":"Incoming request: GET /api/v1/users/me","service":"default-service-name","timestamp":"2025-08-26 07:47:34"}
{"level":"info","message":"Incoming request: GET /api/v1/appointments/holidays","service":"default-service-name","timestamp":"2025-08-26 07:47:34"}
{"level":"info","message":"Incoming request: GET /api/v1/appointments/available-time-slots/2025-08-26","service":"default-service-name","timestamp":"2025-08-26 07:47:34"}
{"level":"info","message":"Incoming request: GET /api/v1/users/me","service":"default-service-name","timestamp":"2025-08-26 07:49:08"}
{"level":"info","message":"Incoming request: GET /api/v1/appointments/holidays","service":"default-service-name","timestamp":"2025-08-26 07:49:08"}
{"level":"info","message":"Incoming request: GET /api/v1/appointments/available-time-slots/2025-08-26","service":"default-service-name","timestamp":"2025-08-26 07:49:08"}
{"level":"info","message":"Incoming request: GET /api/v1/appointments/holidays","service":"default-service-name","timestamp":"2025-08-26 07:51:35"}
{"level":"info","message":"Incoming request: GET /api/v1/users/me","service":"default-service-name","timestamp":"2025-08-26 07:51:35"}
{"level":"info","message":"Incoming request: GET /api/v1/appointments/available-time-slots/2025-08-26","service":"default-service-name","timestamp":"2025-08-26 07:51:35"}
{"level":"info","message":"Incoming request: GET /api/v1/appointments/available-time-slots/2025-08-27","service":"default-service-name","timestamp":"2025-08-26 07:52:00"}
{"level":"info","message":"Incoming request: POST /api/v1/appointments/time-slots","service":"default-service-name","timestamp":"2025-08-26 07:52:03"}
{"level":"info","message":"Incoming request: GET /api/v1/appointments/available-time-slots/2025-08-27","service":"default-service-name","timestamp":"2025-08-26 07:52:04"}
{"level":"info","message":"Incoming request: POST /api/v1/appointments/time-slots","service":"default-service-name","timestamp":"2025-08-26 07:52:11"}
{"level":"info","message":"Incoming request: GET /api/v1/appointments/available-time-slots/2025-08-27","service":"default-service-name","timestamp":"2025-08-26 07:52:12"}
{"level":"info","message":"Incoming request: GET /api/v1/appointments/available-time-slots/2025-08-28","service":"default-service-name","timestamp":"2025-08-26 07:52:21"}
{"level":"info","message":"Incoming request: GET /api/v1/appointments/available-time-slots/2025-08-29","service":"default-service-name","timestamp":"2025-08-26 07:52:27"}
{"level":"info","message":"Incoming request: POST /api/v1/appointments/time-slots","service":"default-service-name","timestamp":"2025-08-26 07:52:30"}
{"level":"info","message":"Incoming request: GET /api/v1/appointments/available-time-slots/2025-08-29","service":"default-service-name","timestamp":"2025-08-26 07:52:33"}
{"level":"info","message":"Incoming request: GET /api/v1/appointments/available-time-slots/2025-08-30","service":"default-service-name","timestamp":"2025-08-26 07:52:40"}
{"level":"info","message":"Incoming request: POST /api/v1/appointments/time-slots","service":"default-service-name","timestamp":"2025-08-26 07:52:43"}
{"level":"info","message":"Incoming request: GET /api/v1/appointments/available-time-slots/2025-08-30","service":"default-service-name","timestamp":"2025-08-26 07:52:46"}
{"level":"info","message":"Incoming request: POST /api/v1/appointments/time-slots","service":"default-service-name","timestamp":"2025-08-26 07:53:22"}
{"level":"info","message":"Incoming request: GET /api/v1/appointments/available-time-slots/2025-08-30","service":"default-service-name","timestamp":"2025-08-26 07:53:23"}
{"level":"info","message":"Incoming request: PATCH /api/v1/appointments/time-slot/655f2d97-8517-445c-906a-f1b7ff7cd5bd","service":"default-service-name","timestamp":"2025-08-26 07:53:54"}
{"level":"info","message":"Incoming request: GET /api/v1/appointments/available-time-slots/2025-08-30","service":"default-service-name","timestamp":"2025-08-26 07:53:55"}
{"level":"info","message":"Incoming request: GET /api/v1/users/me","service":"default-service-name","timestamp":"2025-08-26 08:02:13"}
{"level":"info","message":"Incoming request: GET /api/v1/users/me","service":"default-service-name","timestamp":"2025-08-26 11:58:00"}
{"level":"info","message":"Incoming request: GET /api/v1/appointments/holidays","service":"default-service-name","timestamp":"2025-08-26 11:58:00"}
{"level":"info","message":"Incoming request: GET /api/v1/appointments/available-time-slots/2025-08-26","service":"default-service-name","timestamp":"2025-08-26 11:58:00"}
{"level":"info","message":"Incoming request: GET /api/v1/appointments/available-time-slots/2025-08-27","service":"default-service-name","timestamp":"2025-08-26 11:58:04"}
{"level":"info","message":"Incoming request: POST /api/v1/appointments/time-slots","service":"default-service-name","timestamp":"2025-08-26 11:58:06"}
{"level":"info","message":"Incoming request: GET /api/v1/appointments/available-time-slots/2025-08-27","service":"default-service-name","timestamp":"2025-08-26 11:58:09"}
{"level":"info","message":"Incoming request: GET /api/v1/appointments/available-time-slots/2025-08-28","service":"default-service-name","timestamp":"2025-08-26 11:58:14"}
{"level":"info","message":"Incoming request: POST /api/v1/appointments/time-slots","service":"default-service-name","timestamp":"2025-08-26 11:58:15"}
{"level":"info","message":"Incoming request: GET /api/v1/appointments/available-time-slots/2025-08-28","service":"default-service-name","timestamp":"2025-08-26 11:58:18"}
{"level":"info","message":"Incoming request: GET /api/v1/appointments/available-time-slots/2025-08-02","service":"default-service-name","timestamp":"2025-08-26 11:58:30"}
{"level":"info","message":"Incoming request: GET /api/v1/appointments/available-time-slots/2025-08-23","service":"default-service-name","timestamp":"2025-08-26 11:58:32"}
{"level":"info","message":"Incoming request: GET /api/v1/appointments/available-time-slots/2025-08-30","service":"default-service-name","timestamp":"2025-08-26 11:58:34"}
{"level":"info","message":"Incoming request: POST /api/v1/appointments/holiday","service":"default-service-name","timestamp":"2025-08-26 11:58:59"}
{"level":"info","message":"Incoming request: GET /api/v1/appointments/holidays","service":"default-service-name","timestamp":"2025-08-26 11:59:01"}
{"level":"info","message":"Incoming request: POST /api/v1/appointments/time-slots","service":"default-service-name","timestamp":"2025-08-26 11:59:04"}
{"level":"info","message":"Incoming request: GET /api/v1/appointments/available-time-slots/2025-08-30","service":"default-service-name","timestamp":"2025-08-26 11:59:05"}
{"level":"info","message":"Incoming request: GET /api/v1/appointments/available-time-slots/2025-09-11","service":"default-service-name","timestamp":"2025-08-26 11:59:18"}
{"level":"info","message":"Incoming request: POST /api/v1/appointments/time-slots","service":"default-service-name","timestamp":"2025-08-26 11:59:20"}
{"level":"info","message":"Incoming request: GET /api/v1/appointments/available-time-slots/2025-09-11","service":"default-service-name","timestamp":"2025-08-26 11:59:22"}
{"level":"info","message":"Incoming request: GET /api/v1/users/me","service":"default-service-name","timestamp":"2025-08-26 12:55:57"}
{"level":"info","message":"Incoming request: GET /api/v1/appointments/holidays","service":"default-service-name","timestamp":"2025-08-26 12:55:57"}
{"level":"info","message":"Incoming request: GET /api/v1/appointments/available-time-slots/2025-08-26","service":"default-service-name","timestamp":"2025-08-26 12:55:57"}
{"level":"info","message":"Incoming request: GET /api/v1/appointments/available-time-slots/2025-07-30","service":"default-service-name","timestamp":"2025-08-26 12:56:00"}
{"level":"info","message":"Incoming request: GET /api/v1/appointments/available-time-slots/2025-07-03","service":"default-service-name","timestamp":"2025-08-26 12:56:01"}
{"level":"info","message":"Incoming request: GET /api/v1/appointments/available-time-slots/2025-07-17","service":"default-service-name","timestamp":"2025-08-26 12:56:02"}
{"level":"info","message":"Incoming request: GET /api/v1/appointments/available-time-slots/2025-07-24","service":"default-service-name","timestamp":"2025-08-26 12:56:02"}
{"level":"info","message":"Incoming request: GET /api/v1/appointments/available-time-slots/2025-07-29","service":"default-service-name","timestamp":"2025-08-26 12:56:03"}
{"level":"info","message":"Incoming request: GET /api/v1/appointments/available-time-slots/2025-07-30","service":"default-service-name","timestamp":"2025-08-26 12:56:04"}
{"level":"info","message":"Incoming request: GET /api/v1/appointments/available-time-slots/2025-07-31","service":"default-service-name","timestamp":"2025-08-26 12:56:05"}
{"level":"info","message":"Incoming request: GET /api/v1/appointments/available-time-slots/2025-08-01","service":"default-service-name","timestamp":"2025-08-26 12:56:05"}
{"level":"info","message":"Incoming request: GET /api/v1/appointments/available-time-slots/2025-08-27","service":"default-service-name","timestamp":"2025-08-26 12:56:07"}
{"level":"info","message":"Incoming request: GET /api/v1/appointments/available-time-slots/2025-08-28","service":"default-service-name","timestamp":"2025-08-26 12:56:08"}
{"level":"info","message":"Incoming request: GET /api/v1/appointments/available-time-slots/2025-08-28","service":"default-service-name","timestamp":"2025-08-26 12:56:10"}
{"level":"info","message":"Incoming request: GET /api/v1/appointments/available-dates","service":"default-service-name","timestamp":"2025-08-26 15:10:26"}
{"level":"info","message":"Incoming request: GET /api/v1/appointments/available-time-slots/2025-08-26","service":"default-service-name","timestamp":"2025-08-26 15:10:32"}
{"level":"info","message":"Incoming request: GET /api/v1/appointments/available-time-slots/2025-08-27","service":"default-service-name","timestamp":"2025-08-26 15:10:33"}
{"level":"info","message":"Incoming request: GET /api/v1/appointments/available-time-slots/2025-08-28","service":"default-service-name","timestamp":"2025-08-26 15:10:44"}
{"level":"info","message":"Incoming request: GET /api/v1/appointments/available-dates","service":"default-service-name","timestamp":"2025-08-26 15:12:04"}
{"level":"info","message":"Incoming request: GET /api/v1/appointments/available-time-slots/2025-08-31","service":"default-service-name","timestamp":"2025-08-26 15:12:08"}
{"level":"info","message":"Incoming request: GET /api/v1/appointments/available-time-slots/2025-08-29","service":"default-service-name","timestamp":"2025-08-26 15:12:11"}
{"level":"info","message":"Incoming request: GET /api/v1/appointments/available-time-slots/2025-08-26","service":"default-service-name","timestamp":"2025-08-26 15:12:13"}
{"level":"info","message":"Incoming request: GET /api/v1/appointments/available-time-slots/2025-08-27","service":"default-service-name","timestamp":"2025-08-26 15:12:14"}
